<?xml version="1.0" encoding="UTF-8"?>
<testsuite xmlns:xsi="http://www.w3.org/2001/XMLSchema-instance" xsi:noNamespaceSchemaLocation="https://maven.apache.org/surefire/maven-surefire-plugin/xsd/surefire-test-report-3.0.xsd" version="3.0" name="com.api.test.TestApplicationTests" time="3.002" tests="1" errors="0" skipped="0" failures="0">
  <properties>
[...]
</properties>
  <testcase name="contextLoads" classname="com.api.test.TestApplicationTests" time="0.999">
    <system-out><![CDATA[17:13:20.139 [main] INFO org.springframework.test.context.support.AnnotationConfigContextLoaderUtils -- Could not detect default configuration classes for test class [com.api.test.TestApplicationTests]: TestApplicationTests does not declare any static, non-private, non-final, nested classes annotated with @Configuration.
17:13:20.269 [main] INFO org.springframework.boot.test.context.SpringBootTestContextBootstrapper -- Found @SpringBootConfiguration com.api.test.TestApplication for test class com.api.test.TestApplicationTests
  .   ____          _            __ _ _
 /\\ / ___'_ __ _ _(_)_ __  __ _ \ \ \ \
( ( )\___ | '_ | '_| | '_ \/ _` | \ \ \ \
 \\/  ___)| |_)| | | | | || (_| |  ) ) ) )
  '  |____| .__|_| |_|_| |_\__, | / / / /
 =========|_|==============|___/=/_/_/_/

 :: Spring Boot ::                (v3.3.0)

2024-05-30T17:13:20.742-03:00  INFO 1504 --- [test] [           main] com.api.test.TestApplicationTests        : Starting TestApplicationTests using Java 17.0.10 with PID 1504 (started by abarei in /home/abarei/Documentos/DV24/seminario/test)
2024-05-30T17:13:20.744-03:00  INFO 1504 --- [test] [           main] com.api.test.TestApplicationTests        : No active profile set, falling back to 1 default profile: "default"
2024-05-30T17:13:21.924-03:00  INFO 1504 --- [test] [           main] com.api.test.TestApplicationTests        : Started TestApplicationTests in 1.473 seconds (process running for 2.627)
]]></system-out>
  </testcase>
</testsuite>